{"level":"info","time":"2022-05-13T13:15:10.514+0530","caller":"cobra/command.go:854","msg":"LambdaTest Tunnel version: 3.1.23"}
{"level":"debug","time":"2022-05-13T13:15:10.517+0530","caller":"cmd/lt.go:205","msg":"Starting pipeline....."}
{"level":"debug","time":"2022-05-13T13:15:10.517+0530","caller":"cmd/lt.go:205","msg":"OS: windows, Arch: amd64"}
{"level":"debug","time":"2022-05-13T13:15:10.517+0530","caller":"cmd/lt.go:205","msg":"Fetching config"}
{"level":"debug","time":"2022-05-13T13:15:10.517+0530","caller":"runtime/asm_amd64.s:1371","msg":"Starting tunnel With flags: --user sahiltestrig --key ***** -v --env prod --controller npm --infoAPIPort 53596 --tunnelName DESKTOP-Q2SEOQT53596 --logFile DESKTOP-Q2SEOQT53596.log --port 53597"}
{"level":"debug","time":"2022-05-13T13:15:10.984+0530","caller":"cmd/lt.go:205","msg":"Remote config fetched"}
{"level":"debug","time":"2022-05-13T13:15:11.224+0530","caller":"runtime/asm_amd64.s:1371","msg":"Trying on port 22"}
{"level":"debug","time":"2022-05-13T13:15:11.224+0530","caller":"runtime/asm_amd64.s:1371","msg":"Trying over ssh over ws"}
{"level":"debug","time":"2022-05-13T13:15:11.224+0530","caller":"core/lifecycle.go:152","msg":"Starting API server"}
{"level":"debug","time":"2022-05-13T13:15:11.224+0530","caller":"core/lifecycle.go:138","msg":"Starting sink proxy"}
{"level":"debug","time":"2022-05-13T13:15:11.224+0530","caller":"runtime/asm_amd64.s:1371","msg":"Trying on port 443"}
{"level":"debug","time":"2022-05-13T13:15:11.224+0530","caller":"apiserver/setup.go:173","msg":"Starting API server for tunnel info on port: 53596"}
{"level":"info","time":"2022-05-13T13:15:11.275+0530","caller":"custom/setup.go:740","msg":"Tunnel binary started on port :53597"}
{"level":"debug","time":"2022-05-13T13:15:11.329+0530","caller":"runtime/asm_amd64.s:1371","msg":"WSS connection was successful"}
{"level":"debug","time":"2022-05-13T13:15:11.650+0530","caller":"runtime/asm_amd64.s:1371","msg":"SSH connection over port 443 successful"}
{"level":"debug","time":"2022-05-13T13:15:11.660+0530","caller":"runtime/asm_amd64.s:1371","msg":"SSH connection over ws successful"}
{"level":"debug","time":"2022-05-13T13:15:11.690+0530","caller":"runtime/asm_amd64.s:1371","msg":"SSH connection over port 22 successful"}
{"level":"info","time":"2022-05-13T13:15:11.690+0530","caller":"core/lifecycle.go:115","msg":"Using ssh(over_22) :: connection mode"}
{"level":"info","time":"2022-05-13T13:15:11.690+0530","caller":"cmd/lt.go:205","msg":"Launching tunnel"}
{"level":"debug","time":"2022-05-13T13:15:11.690+0530","caller":"core/lifecycle.go:233","msg":"Starting control ws connection at wss://ts.lambdatest.com/monitor"}
{"level":"debug","time":"2022-05-13T13:15:12.426+0530","caller":"core/lifecycle.go:233","msg":"Control ws channel opened"}
{"level":"debug","time":"2022-05-13T13:15:12.426+0530","caller":"runtime/asm_amd64.s:1371","msg":"Starting message listener on control connection"}
{"level":"debug","time":"2022-05-13T13:15:13.918+0530","caller":"runtime/asm_amd64.s:1371","msg":"Sending tunnel registered message to channels"}
{"level":"debug","time":"2022-05-13T13:15:13.919+0530","caller":"runtime/asm_amd64.s:1371","msg":"Tunnel registered message received on control channel"}
{"level":"debug","time":"2022-05-13T13:15:13.919+0530","caller":"runtime/asm_amd64.s:1371","msg":"controller bus registered"}
{"level":"debug","time":"2022-05-13T13:15:13.919+0530","caller":"core/lifecycle.go:283","msg":"Using 5 ssh connection"}
{"level":"debug","time":"2022-05-13T13:15:14.352+0530","caller":"runtime/asm_amd64.s:1371","msg":"Successfully started sshd listener on port: 10532"}
{"level":"debug","time":"2022-05-13T13:15:14.362+0530","caller":"runtime/asm_amd64.s:1371","msg":"Successfully started sshd listener on port: 27519"}
{"level":"debug","time":"2022-05-13T13:15:14.362+0530","caller":"runtime/asm_amd64.s:1371","msg":"Successfully started sshd listener on port: 8253"}
{"level":"info","time":"2022-05-13T13:15:14.362+0530","caller":"runtime/asm_amd64.s:1371","msg":"You can start testing now"}
{"level":"info","time":"2022-05-13T13:15:14.362+0530","caller":"runtime/asm_amd64.s:1371","msg":"Tunnel ID: 1355474"}
{"level":"debug","time":"2022-05-13T13:15:14.362+0530","caller":"runtime/asm_amd64.s:1371","msg":"Remote Listener Started on Port 28934"}
{"level":"debug","time":"2022-05-13T13:15:14.394+0530","caller":"runtime/asm_amd64.s:1371","msg":"Successfully started sshd listener on port: 22384"}
{"level":"debug","time":"2022-05-13T13:15:14.426+0530","caller":"runtime/asm_amd64.s:1371","msg":"Successfully started sshd listener on port: 4613"}
{"level":"debug","time":"2022-05-13T13:17:16.604+0530","caller":"runtime/asm_amd64.s:1371","msg":"handling connect request for URL https://clientservices.googleapis.com:443"}
{"level":"debug","time":"2022-05-13T13:17:16.604+0530","caller":"runtime/asm_amd64.s:1371","msg":"handling connect request for URL https://accounts.google.com:443"}
{"level":"debug","time":"2022-05-13T13:17:19.292+0530","caller":"runtime/asm_amd64.s:1371","msg":"handling connect request for URL https://clientservices.googleapis.com:443"}
{"level":"debug","time":"2022-05-13T13:17:19.323+0530","caller":"runtime/asm_amd64.s:1371","msg":"handling connect request for URL https://accounts.google.com:443"}
{"level":"debug","time":"2022-05-13T13:17:19.599+0530","caller":"runtime/asm_amd64.s:1371","msg":"handling connect request for URL https://content-autofill.googleapis.com:443"}
{"level":"debug","time":"2022-05-13T13:17:21.102+0530","caller":"runtime/asm_amd64.s:1371","msg":"handling connect request for URL https://clientservices.googleapis.com:443"}
{"level":"debug","time":"2022-05-13T13:17:21.102+0530","caller":"runtime/asm_amd64.s:1371","msg":"handling connect request for URL https://accounts.google.com:443"}
{"level":"debug","time":"2022-05-13T13:17:21.947+0530","caller":"runtime/asm_amd64.s:1371","msg":"handling connect request for URL https://accounts.google.com:443"}
{"level":"debug","time":"2022-05-13T13:17:21.947+0530","caller":"runtime/asm_amd64.s:1371","msg":"handling connect request for URL https://clientservices.googleapis.com:443"}
{"level":"debug","time":"2022-05-13T13:17:23.126+0530","caller":"runtime/asm_amd64.s:1371","msg":"handling connect request for URL https://content-autofill.googleapis.com:443"}
{"level":"debug","time":"2022-05-13T13:17:23.936+0530","caller":"runtime/asm_amd64.s:1371","msg":"handling connect request for URL https://content-autofill.googleapis.com:443"}
{"level":"debug","time":"2022-05-13T13:17:25.412+0530","caller":"runtime/asm_amd64.s:1371","msg":"handling connect request for URL https://content-autofill.googleapis.com:443"}
{"level":"debug","time":"2022-05-13T13:17:30.308+0530","caller":"runtime/asm_amd64.s:1371","msg":"handling connect request for URL https://accounts.google.com:443"}
{"level":"debug","time":"2022-05-13T13:17:30.326+0530","caller":"runtime/asm_amd64.s:1371","msg":"handling connect request for URL https://clientservices.googleapis.com:443"}
{"level":"debug","time":"2022-05-13T13:17:33.561+0530","caller":"runtime/asm_amd64.s:1371","msg":"handling connect request for URL https://content-autofill.googleapis.com:443"}
{"level":"debug","time":"2022-05-13T13:17:34.206+0530","caller":"runtime/asm_amd64.s:1371","msg":"handling connect request for URL https://clientservices.googleapis.com:443"}
{"level":"debug","time":"2022-05-13T13:17:34.221+0530","caller":"runtime/asm_amd64.s:1371","msg":"handling connect request for URL https://accounts.google.com:443"}
{"level":"debug","time":"2022-05-13T13:17:37.224+0530","caller":"runtime/asm_amd64.s:1371","msg":"handling connect request for URL https://content-autofill.googleapis.com:443"}
{"level":"debug","time":"2022-05-13T13:17:38.446+0530","caller":"runtime/asm_amd64.s:1371","msg":"handling connect request for URL https://clientservices.googleapis.com:443"}
{"level":"debug","time":"2022-05-13T13:17:38.478+0530","caller":"runtime/asm_amd64.s:1371","msg":"handling connect request for URL https://accounts.google.com:443"}
{"level":"debug","time":"2022-05-13T13:17:39.164+0530","caller":"runtime/asm_amd64.s:1371","msg":"handling connect request for URL https://accounts.google.com:443"}
{"level":"debug","time":"2022-05-13T13:17:39.164+0530","caller":"runtime/asm_amd64.s:1371","msg":"handling connect request for URL https://clientservices.googleapis.com:443"}
{"level":"debug","time":"2022-05-13T13:17:41.305+0530","caller":"runtime/asm_amd64.s:1371","msg":"handling connect request for URL https://accounts.google.com:443"}
{"level":"debug","time":"2022-05-13T13:17:41.305+0530","caller":"runtime/asm_amd64.s:1371","msg":"handling connect request for URL https://clientservices.googleapis.com:443"}
{"level":"debug","time":"2022-05-13T13:17:41.549+0530","caller":"runtime/asm_amd64.s:1371","msg":"handling connect request for URL https://content-autofill.googleapis.com:443"}
{"level":"debug","time":"2022-05-13T13:17:42.374+0530","caller":"runtime/asm_amd64.s:1371","msg":"handling connect request for URL https://content-autofill.googleapis.com:443"}
{"level":"debug","time":"2022-05-13T13:17:44.558+0530","caller":"runtime/asm_amd64.s:1371","msg":"handling connect request for URL https://content-autofill.googleapis.com:443"}
{"level":"debug","time":"2022-05-13T13:17:51.678+0530","caller":"runtime/asm_amd64.s:1371","msg":"handling connect request for URL https://accounts.google.com:443"}
{"level":"debug","time":"2022-05-13T13:17:51.684+0530","caller":"runtime/asm_amd64.s:1371","msg":"handling connect request for URL https://clientservices.googleapis.com:443"}
{"level":"debug","time":"2022-05-13T13:17:52.086+0530","caller":"runtime/asm_amd64.s:1371","msg":"handling connect request for URL https://accounts.google.com:443"}
{"level":"debug","time":"2022-05-13T13:17:52.086+0530","caller":"runtime/asm_amd64.s:1371","msg":"handling connect request for URL https://clientservices.googleapis.com:443"}
{"level":"debug","time":"2022-05-13T13:17:54.892+0530","caller":"runtime/asm_amd64.s:1371","msg":"handling connect request for URL https://content-autofill.googleapis.com:443"}
{"level":"debug","time":"2022-05-13T13:17:55.146+0530","caller":"runtime/asm_amd64.s:1371","msg":"handling connect request for URL https://content-autofill.googleapis.com:443"}
{"level":"debug","time":"2022-05-13T13:17:56.691+0530","caller":"runtime/asm_amd64.s:1371","msg":"handling connect request for URL https://accounts.google.com:443"}
{"level":"debug","time":"2022-05-13T13:17:56.691+0530","caller":"runtime/asm_amd64.s:1371","msg":"handling connect request for URL https://clientservices.googleapis.com:443"}
{"level":"debug","time":"2022-05-13T13:17:59.771+0530","caller":"runtime/asm_amd64.s:1371","msg":"handling connect request for URL https://content-autofill.googleapis.com:443"}
{"level":"debug","time":"2022-05-13T13:18:03.269+0530","caller":"cmd/lt.go:205","msg":"Context cancelled"}
{"level":"info","time":"2022-05-13T13:18:03.269+0530","caller":"cmd/lt.go:205","msg":"Stopping tunnel"}
{"level":"debug","time":"2022-05-13T13:18:03.277+0530","caller":"runtime/asm_amd64.s:1371","msg":"Shutting down the server"}
{"level":"debug","time":"2022-05-13T13:18:03.269+0530","caller":"custom/setup.go:740","msg":"Exiting the sink proxy"}
{"level":"debug","time":"2022-05-13T13:18:03.289+0530","caller":"runtime/asm_amd64.s:1371","msg":"Unusual close error on control channel..."}
{"level":"debug","time":"2022-05-13T13:18:03.290+0530","caller":"runtime/asm_amd64.s:1371","msg":"Write loop ended for control channel"}
{"level":"debug","time":"2022-05-13T13:18:04.082+0530","caller":"runtime/asm_amd64.s:1371","msg":"Remote connection on remote port: 27519 closed, reason: EOF"}
{"level":"debug","time":"2022-05-13T13:18:04.082+0530","caller":"runtime/asm_amd64.s:1371","msg":"Remote connection on remote port: 10532 closed, reason: EOF"}
{"level":"debug","time":"2022-05-13T13:18:04.082+0530","caller":"runtime/asm_amd64.s:1371","msg":"closed ssh connection with port 27519"}
{"level":"debug","time":"2022-05-13T13:18:04.082+0530","caller":"runtime/asm_amd64.s:1371","msg":"closed ssh connection with port 10532"}
{"level":"debug","time":"2022-05-13T13:18:04.098+0530","caller":"runtime/asm_amd64.s:1371","msg":"Remote connection on remote port: 8253 closed, reason: EOF"}
{"level":"debug","time":"2022-05-13T13:18:04.098+0530","caller":"runtime/asm_amd64.s:1371","msg":"closed ssh connection with port 8253"}
{"level":"debug","time":"2022-05-13T13:18:04.098+0530","caller":"runtime/asm_amd64.s:1371","msg":"Remote connection on remote port: 4613 closed, reason: EOF"}
{"level":"debug","time":"2022-05-13T13:18:04.098+0530","caller":"runtime/asm_amd64.s:1371","msg":"closed ssh connection with port 4613"}
{"level":"debug","time":"2022-05-13T13:18:04.098+0530","caller":"runtime/asm_amd64.s:1371","msg":"Remote connection on remote port: 22384 closed, reason: EOF"}
{"level":"debug","time":"2022-05-13T13:18:04.098+0530","caller":"runtime/asm_amd64.s:1371","msg":"closed ssh connection with port 22384"}
{"level":"info","time":"2022-05-13T13:18:04.170+0530","caller":"cmd/lt.go:205","msg":"Tunnel stopped successfully"}
{"level":"debug","time":"2022-05-13T13:18:04.170+0530","caller":"cmd/lt.go:205","msg":"Quit requested from main goroutine...."}
{"level":"debug","time":"2022-05-13T13:18:04.170+0530","caller":"cmd/lt.go:205","msg":"Waiting for the goroutines to exit"}
{"level":"debug","time":"2022-05-13T13:18:04.170+0530","caller":"cmd/lt.go:205","msg":"All goroutines exited"}
{"level":"debug","time":"2022-05-13T13:18:04.170+0530","caller":"runtime/asm_amd64.s:1371","msg":"main: all goroutines have finished."}
