{"level":"info","time":"2022-05-13T13:26:01.514+0530","caller":"cobra/command.go:854","msg":"LambdaTest Tunnel version: 3.1.23"}
{"level":"debug","time":"2022-05-13T13:26:01.522+0530","caller":"cmd/lt.go:205","msg":"Starting pipeline....."}
{"level":"debug","time":"2022-05-13T13:26:01.522+0530","caller":"cmd/lt.go:205","msg":"OS: windows, Arch: amd64"}
{"level":"debug","time":"2022-05-13T13:26:01.522+0530","caller":"cmd/lt.go:205","msg":"Fetching config"}
{"level":"debug","time":"2022-05-13T13:26:01.522+0530","caller":"runtime/asm_amd64.s:1371","msg":"Starting tunnel With flags: --user sahiltestrig --key ***** -v --env prod --controller npm --infoAPIPort 57662 --tunnelName DESKTOP-Q2SEOQT57662 --logFile DESKTOP-Q2SEOQT57662.log --port 57663"}
{"level":"debug","time":"2022-05-13T13:26:02.058+0530","caller":"cmd/lt.go:205","msg":"Remote config fetched"}
{"level":"debug","time":"2022-05-13T13:26:02.240+0530","caller":"core/lifecycle.go:152","msg":"Starting API server"}
{"level":"debug","time":"2022-05-13T13:26:02.240+0530","caller":"runtime/asm_amd64.s:1371","msg":"Trying over ssh over ws"}
{"level":"debug","time":"2022-05-13T13:26:02.240+0530","caller":"core/lifecycle.go:138","msg":"Starting sink proxy"}
{"level":"debug","time":"2022-05-13T13:26:02.240+0530","caller":"runtime/asm_amd64.s:1371","msg":"Trying on port 443"}
{"level":"debug","time":"2022-05-13T13:26:02.240+0530","caller":"runtime/asm_amd64.s:1371","msg":"Trying on port 22"}
{"level":"debug","time":"2022-05-13T13:26:02.240+0530","caller":"apiserver/setup.go:173","msg":"Starting API server for tunnel info on port: 57662"}
{"level":"info","time":"2022-05-13T13:26:02.293+0530","caller":"custom/setup.go:740","msg":"Tunnel binary started on port :57663"}
{"level":"debug","time":"2022-05-13T13:26:02.336+0530","caller":"runtime/asm_amd64.s:1371","msg":"WSS connection was successful"}
{"level":"debug","time":"2022-05-13T13:26:02.694+0530","caller":"runtime/asm_amd64.s:1371","msg":"SSH connection over ws successful"}
{"level":"debug","time":"2022-05-13T13:26:02.694+0530","caller":"runtime/asm_amd64.s:1371","msg":"SSH connection over port 443 successful"}
{"level":"debug","time":"2022-05-13T13:26:02.728+0530","caller":"runtime/asm_amd64.s:1371","msg":"SSH connection over port 22 successful"}
{"level":"info","time":"2022-05-13T13:26:02.728+0530","caller":"core/lifecycle.go:115","msg":"Using ssh(over_22) :: connection mode"}
{"level":"info","time":"2022-05-13T13:26:02.728+0530","caller":"cmd/lt.go:205","msg":"Launching tunnel"}
{"level":"debug","time":"2022-05-13T13:26:02.728+0530","caller":"core/lifecycle.go:233","msg":"Starting control ws connection at wss://ts.lambdatest.com/monitor"}
{"level":"debug","time":"2022-05-13T13:26:03.539+0530","caller":"core/lifecycle.go:233","msg":"Control ws channel opened"}
{"level":"debug","time":"2022-05-13T13:26:03.539+0530","caller":"runtime/asm_amd64.s:1371","msg":"Starting message listener on control connection"}
{"level":"debug","time":"2022-05-13T13:26:05.017+0530","caller":"runtime/asm_amd64.s:1371","msg":"Sending tunnel registered message to channels"}
{"level":"debug","time":"2022-05-13T13:26:05.017+0530","caller":"core/lifecycle.go:283","msg":"Using 5 ssh connection"}
{"level":"debug","time":"2022-05-13T13:26:05.017+0530","caller":"runtime/asm_amd64.s:1371","msg":"Tunnel registered message received on control channel"}
{"level":"debug","time":"2022-05-13T13:26:05.017+0530","caller":"runtime/asm_amd64.s:1371","msg":"controller bus registered"}
{"level":"debug","time":"2022-05-13T13:26:05.456+0530","caller":"runtime/asm_amd64.s:1371","msg":"Successfully started sshd listener on port: 17312"}
{"level":"debug","time":"2022-05-13T13:26:05.456+0530","caller":"runtime/asm_amd64.s:1371","msg":"Successfully started sshd listener on port: 1308"}
{"level":"debug","time":"2022-05-13T13:26:05.456+0530","caller":"runtime/asm_amd64.s:1371","msg":"Successfully started sshd listener on port: 28843"}
{"level":"info","time":"2022-05-13T13:26:05.456+0530","caller":"runtime/asm_amd64.s:1371","msg":"You can start testing now"}
{"level":"info","time":"2022-05-13T13:26:05.456+0530","caller":"runtime/asm_amd64.s:1371","msg":"Tunnel ID: 1355493"}
{"level":"debug","time":"2022-05-13T13:26:05.456+0530","caller":"runtime/asm_amd64.s:1371","msg":"Remote Listener Started on Port 3591"}
{"level":"debug","time":"2022-05-13T13:26:05.498+0530","caller":"runtime/asm_amd64.s:1371","msg":"Successfully started sshd listener on port: 15221"}
{"level":"debug","time":"2022-05-13T13:26:05.534+0530","caller":"runtime/asm_amd64.s:1371","msg":"Successfully started sshd listener on port: 16295"}
{"level":"debug","time":"2022-05-13T13:27:06.100+0530","caller":"runtime/asm_amd64.s:1371","msg":"handling connect request for URL https://clientservices.googleapis.com:443"}
{"level":"debug","time":"2022-05-13T13:27:06.100+0530","caller":"runtime/asm_amd64.s:1371","msg":"handling connect request for URL https://accounts.google.com:443"}
{"level":"debug","time":"2022-05-13T13:27:08.433+0530","caller":"runtime/asm_amd64.s:1371","msg":"handling connect request for URL https://content-autofill.googleapis.com:443"}
{"level":"debug","time":"2022-05-13T13:27:09.970+0530","caller":"runtime/asm_amd64.s:1371","msg":"handling connect request for URL https://opensource-demo.orangehrmlive.com:443"}
{"level":"debug","time":"2022-05-13T13:27:17.721+0530","caller":"runtime/asm_amd64.s:1371","msg":"handling connect request for URL https://opensource-demo.orangehrmlive.com:443"}
{"level":"debug","time":"2022-05-13T13:27:17.721+0530","caller":"runtime/asm_amd64.s:1371","msg":"handling connect request for URL https://opensource-demo.orangehrmlive.com:443"}
{"level":"debug","time":"2022-05-13T13:27:17.721+0530","caller":"runtime/asm_amd64.s:1371","msg":"handling connect request for URL https://opensource-demo.orangehrmlive.com:443"}
{"level":"debug","time":"2022-05-13T13:27:18.003+0530","caller":"runtime/asm_amd64.s:1371","msg":"handling connect request for URL https://opensource-demo.orangehrmlive.com:443"}
{"level":"debug","time":"2022-05-13T13:27:18.003+0530","caller":"runtime/asm_amd64.s:1371","msg":"handling connect request for URL https://opensource-demo.orangehrmlive.com:443"}
{"level":"debug","time":"2022-05-13T13:27:38.948+0530","caller":"cmd/lt.go:205","msg":"Context cancelled"}
{"level":"info","time":"2022-05-13T13:27:38.949+0530","caller":"cmd/lt.go:205","msg":"Stopping tunnel"}
{"level":"debug","time":"2022-05-13T13:27:38.949+0530","caller":"custom/setup.go:740","msg":"Exiting the sink proxy"}
{"level":"debug","time":"2022-05-13T13:27:38.949+0530","caller":"runtime/asm_amd64.s:1371","msg":"Shutting down the server"}
{"level":"debug","time":"2022-05-13T13:27:38.949+0530","caller":"runtime/asm_amd64.s:1371","msg":"Unusual close error on control channel..."}
{"level":"debug","time":"2022-05-13T13:27:38.949+0530","caller":"runtime/asm_amd64.s:1371","msg":"Write loop ended for control channel"}
{"level":"debug","time":"2022-05-13T13:27:39.751+0530","caller":"runtime/asm_amd64.s:1371","msg":"Remote connection on remote port: 17312 closed, reason: EOF"}
{"level":"debug","time":"2022-05-13T13:27:39.759+0530","caller":"runtime/asm_amd64.s:1371","msg":"closed ssh connection with port 17312"}
{"level":"debug","time":"2022-05-13T13:27:39.759+0530","caller":"runtime/asm_amd64.s:1371","msg":"Remote connection on remote port: 28843 closed, reason: EOF"}
{"level":"debug","time":"2022-05-13T13:27:39.759+0530","caller":"runtime/asm_amd64.s:1371","msg":"closed ssh connection with port 28843"}
{"level":"debug","time":"2022-05-13T13:27:39.759+0530","caller":"runtime/asm_amd64.s:1371","msg":"Remote connection on remote port: 16295 closed, reason: EOF"}
{"level":"debug","time":"2022-05-13T13:27:39.759+0530","caller":"runtime/asm_amd64.s:1371","msg":"closed ssh connection with port 16295"}
{"level":"debug","time":"2022-05-13T13:27:39.759+0530","caller":"runtime/asm_amd64.s:1371","msg":"Remote connection on remote port: 1308 closed, reason: EOF"}
{"level":"debug","time":"2022-05-13T13:27:39.759+0530","caller":"runtime/asm_amd64.s:1371","msg":"closed ssh connection with port 1308"}
{"level":"debug","time":"2022-05-13T13:27:39.759+0530","caller":"runtime/asm_amd64.s:1371","msg":"Remote connection on remote port: 15221 closed, reason: EOF"}
{"level":"debug","time":"2022-05-13T13:27:39.759+0530","caller":"runtime/asm_amd64.s:1371","msg":"closed ssh connection with port 15221"}
{"level":"info","time":"2022-05-13T13:27:39.848+0530","caller":"cmd/lt.go:205","msg":"Tunnel stopped successfully"}
{"level":"debug","time":"2022-05-13T13:27:39.848+0530","caller":"cmd/lt.go:205","msg":"Quit requested from main goroutine...."}
{"level":"debug","time":"2022-05-13T13:27:39.856+0530","caller":"cmd/lt.go:205","msg":"Waiting for the goroutines to exit"}
{"level":"debug","time":"2022-05-13T13:27:39.856+0530","caller":"cmd/lt.go:205","msg":"All goroutines exited"}
{"level":"debug","time":"2022-05-13T13:27:39.856+0530","caller":"runtime/asm_amd64.s:1371","msg":"main: all goroutines have finished."}
