{"level":"info","time":"2022-04-29T13:17:10.027+0530","caller":"cobra/command.go:854","msg":"LambdaTest Tunnel version: 3.1.23"}
{"level":"debug","time":"2022-04-29T13:17:10.034+0530","caller":"cmd/lt.go:205","msg":"Starting pipeline....."}
{"level":"debug","time":"2022-04-29T13:17:10.034+0530","caller":"cmd/lt.go:205","msg":"OS: windows, Arch: amd64"}
{"level":"debug","time":"2022-04-29T13:17:10.034+0530","caller":"cmd/lt.go:205","msg":"Fetching config"}
{"level":"debug","time":"2022-04-29T13:17:10.034+0530","caller":"runtime/asm_amd64.s:1371","msg":"Starting tunnel With flags: --user sahil.tripathi.btech2018 --key ***** --tunnelName lt-cypress-tunnel -v --env prod --controller npm --infoAPIPort 60611 --logFile DESKTOP-Q2SEOQT60611.log --port 60612"}
{"level":"debug","time":"2022-04-29T13:17:10.669+0530","caller":"cmd/lt.go:205","msg":"Remote config fetched"}
{"level":"debug","time":"2022-04-29T13:17:10.984+0530","caller":"core/lifecycle.go:152","msg":"Starting API server"}
{"level":"debug","time":"2022-04-29T13:17:10.984+0530","caller":"runtime/asm_amd64.s:1371","msg":"Trying on port 22"}
{"level":"debug","time":"2022-04-29T13:17:10.984+0530","caller":"runtime/asm_amd64.s:1371","msg":"Trying on port 443"}
{"level":"debug","time":"2022-04-29T13:17:10.984+0530","caller":"runtime/asm_amd64.s:1371","msg":"Trying over ssh over ws"}
{"level":"debug","time":"2022-04-29T13:17:10.984+0530","caller":"apiserver/setup.go:173","msg":"Starting API server for tunnel info on port: 60611"}
{"level":"debug","time":"2022-04-29T13:17:10.984+0530","caller":"core/lifecycle.go:138","msg":"Starting sink proxy"}
{"level":"info","time":"2022-04-29T13:17:11.038+0530","caller":"custom/setup.go:740","msg":"Tunnel binary started on port :60612"}
{"level":"debug","time":"2022-04-29T13:17:11.103+0530","caller":"runtime/asm_amd64.s:1371","msg":"WSS connection was successful"}
{"level":"debug","time":"2022-04-29T13:17:11.446+0530","caller":"runtime/asm_amd64.s:1371","msg":"SSH connection over port 443 successful"}
{"level":"debug","time":"2022-04-29T13:17:11.471+0530","caller":"runtime/asm_amd64.s:1371","msg":"SSH connection over port 22 successful"}
{"level":"debug","time":"2022-04-29T13:17:11.499+0530","caller":"runtime/asm_amd64.s:1371","msg":"SSH connection over ws successful"}
{"level":"info","time":"2022-04-29T13:17:11.501+0530","caller":"core/lifecycle.go:115","msg":"Using ssh(over_22) :: connection mode"}
{"level":"info","time":"2022-04-29T13:17:11.501+0530","caller":"cmd/lt.go:205","msg":"Launching tunnel"}
{"level":"debug","time":"2022-04-29T13:17:11.501+0530","caller":"core/lifecycle.go:233","msg":"Starting control ws connection at wss://ts.lambdatest.com/monitor"}
{"level":"debug","time":"2022-04-29T13:17:12.267+0530","caller":"core/lifecycle.go:233","msg":"Control ws channel opened"}
{"level":"debug","time":"2022-04-29T13:17:12.267+0530","caller":"runtime/asm_amd64.s:1371","msg":"Starting message listener on control connection"}
{"level":"debug","time":"2022-04-29T13:17:13.952+0530","caller":"runtime/asm_amd64.s:1371","msg":"Sending tunnel registered message to channels"}
{"level":"debug","time":"2022-04-29T13:17:13.952+0530","caller":"core/lifecycle.go:283","msg":"Using 5 ssh connection"}
{"level":"debug","time":"2022-04-29T13:17:13.952+0530","caller":"runtime/asm_amd64.s:1371","msg":"Tunnel registered message received on control channel"}
{"level":"debug","time":"2022-04-29T13:17:13.952+0530","caller":"runtime/asm_amd64.s:1371","msg":"controller bus registered"}
{"level":"debug","time":"2022-04-29T13:17:14.578+0530","caller":"runtime/asm_amd64.s:1371","msg":"Successfully started sshd listener on port: 4740"}
{"level":"debug","time":"2022-04-29T13:17:14.578+0530","caller":"runtime/asm_amd64.s:1371","msg":"Successfully started sshd listener on port: 5483"}
{"level":"info","time":"2022-04-29T13:17:14.578+0530","caller":"runtime/asm_amd64.s:1371","msg":"You can start testing now"}
{"level":"info","time":"2022-04-29T13:17:14.578+0530","caller":"runtime/asm_amd64.s:1371","msg":"Tunnel ID: 1308625"}
{"level":"debug","time":"2022-04-29T13:17:14.578+0530","caller":"runtime/asm_amd64.s:1371","msg":"Remote Listener Started on Port 8541"}
{"level":"debug","time":"2022-04-29T13:17:14.578+0530","caller":"runtime/asm_amd64.s:1371","msg":"Successfully started sshd listener on port: 9887"}
{"level":"debug","time":"2022-04-29T13:17:14.617+0530","caller":"runtime/asm_amd64.s:1371","msg":"Successfully started sshd listener on port: 19881"}
{"level":"debug","time":"2022-04-29T13:17:14.670+0530","caller":"runtime/asm_amd64.s:1371","msg":"Successfully started sshd listener on port: 9755"}
{"level":"debug","time":"2022-04-29T13:18:28.920+0530","caller":"runtime/asm_amd64.s:1371","msg":"handling connect request for URL https://accounts.google.com:443"}
{"level":"debug","time":"2022-04-29T13:18:28.920+0530","caller":"runtime/asm_amd64.s:1371","msg":"handling connect request for URL https://clientservices.googleapis.com:443"}
{"level":"debug","time":"2022-04-29T13:18:31.184+0530","caller":"runtime/asm_amd64.s:1371","msg":"handling connect request for URL https://content-autofill.googleapis.com:443"}
{"level":"debug","time":"2022-04-29T13:18:38.399+0530","caller":"cmd/lt.go:205","msg":"Context cancelled"}
{"level":"info","time":"2022-04-29T13:18:38.399+0530","caller":"cmd/lt.go:205","msg":"Stopping tunnel"}
{"level":"debug","time":"2022-04-29T13:18:38.399+0530","caller":"runtime/asm_amd64.s:1371","msg":"Shutting down the server"}
{"level":"debug","time":"2022-04-29T13:18:38.399+0530","caller":"custom/setup.go:740","msg":"Exiting the sink proxy"}
{"level":"debug","time":"2022-04-29T13:18:38.402+0530","caller":"runtime/asm_amd64.s:1371","msg":"Unusual close error on control channel..."}
{"level":"debug","time":"2022-04-29T13:18:38.402+0530","caller":"runtime/asm_amd64.s:1371","msg":"Write loop ended for control channel"}
{"level":"debug","time":"2022-04-29T13:18:39.032+0530","caller":"runtime/asm_amd64.s:1371","msg":"Remote connection on remote port: 9887 closed, reason: EOF"}
{"level":"debug","time":"2022-04-29T13:18:39.032+0530","caller":"runtime/asm_amd64.s:1371","msg":"Remote connection on remote port: 4740 closed, reason: EOF"}
{"level":"debug","time":"2022-04-29T13:18:39.032+0530","caller":"runtime/asm_amd64.s:1371","msg":"closed ssh connection with port 9887"}
{"level":"debug","time":"2022-04-29T13:18:39.032+0530","caller":"runtime/asm_amd64.s:1371","msg":"closed ssh connection with port 4740"}
{"level":"debug","time":"2022-04-29T13:18:39.032+0530","caller":"runtime/asm_amd64.s:1371","msg":"Remote connection on remote port: 9755 closed, reason: EOF"}
{"level":"debug","time":"2022-04-29T13:18:39.032+0530","caller":"runtime/asm_amd64.s:1371","msg":"Remote connection on remote port: 5483 closed, reason: EOF"}
{"level":"debug","time":"2022-04-29T13:18:39.032+0530","caller":"runtime/asm_amd64.s:1371","msg":"Remote connection on remote port: 19881 closed, reason: EOF"}
{"level":"debug","time":"2022-04-29T13:18:39.047+0530","caller":"runtime/asm_amd64.s:1371","msg":"closed ssh connection with port 5483"}
{"level":"debug","time":"2022-04-29T13:18:39.047+0530","caller":"runtime/asm_amd64.s:1371","msg":"closed ssh connection with port 9755"}
{"level":"debug","time":"2022-04-29T13:18:39.047+0530","caller":"runtime/asm_amd64.s:1371","msg":"closed ssh connection with port 19881"}
{"level":"info","time":"2022-04-29T13:18:39.346+0530","caller":"cmd/lt.go:205","msg":"Tunnel stopped successfully"}
{"level":"debug","time":"2022-04-29T13:18:39.347+0530","caller":"cmd/lt.go:205","msg":"Quit requested from main goroutine...."}
{"level":"debug","time":"2022-04-29T13:18:39.347+0530","caller":"cmd/lt.go:205","msg":"Waiting for the goroutines to exit"}
{"level":"debug","time":"2022-04-29T13:18:39.347+0530","caller":"cmd/lt.go:205","msg":"All goroutines exited"}
{"level":"debug","time":"2022-04-29T13:18:39.347+0530","caller":"runtime/asm_amd64.s:1371","msg":"main: all goroutines have finished."}
