{"level":"info","time":"2022-05-13T13:20:52.635+0530","caller":"cobra/command.go:854","msg":"LambdaTest Tunnel version: 3.1.23"}
{"level":"debug","time":"2022-05-13T13:20:52.637+0530","caller":"cmd/lt.go:205","msg":"Starting pipeline....."}
{"level":"debug","time":"2022-05-13T13:20:52.637+0530","caller":"cmd/lt.go:205","msg":"OS: windows, Arch: amd64"}
{"level":"debug","time":"2022-05-13T13:20:52.638+0530","caller":"cmd/lt.go:205","msg":"Fetching config"}
{"level":"debug","time":"2022-05-13T13:20:52.639+0530","caller":"runtime/asm_amd64.s:1371","msg":"Starting tunnel With flags: --user sahiltestrig --key ***** -v --env prod --controller npm --infoAPIPort 57528 --tunnelName DESKTOP-Q2SEOQT57528 --logFile DESKTOP-Q2SEOQT57528.log --port 57529"}
{"level":"debug","time":"2022-05-13T13:20:53.319+0530","caller":"cmd/lt.go:205","msg":"Remote config fetched"}
{"level":"debug","time":"2022-05-13T13:20:53.501+0530","caller":"core/lifecycle.go:152","msg":"Starting API server"}
{"level":"debug","time":"2022-05-13T13:20:53.501+0530","caller":"core/lifecycle.go:138","msg":"Starting sink proxy"}
{"level":"debug","time":"2022-05-13T13:20:53.501+0530","caller":"runtime/asm_amd64.s:1371","msg":"Trying on port 22"}
{"level":"debug","time":"2022-05-13T13:20:53.501+0530","caller":"apiserver/setup.go:173","msg":"Starting API server for tunnel info on port: 57528"}
{"level":"debug","time":"2022-05-13T13:20:53.501+0530","caller":"runtime/asm_amd64.s:1371","msg":"Trying on port 443"}
{"level":"debug","time":"2022-05-13T13:20:53.501+0530","caller":"runtime/asm_amd64.s:1371","msg":"Trying over ssh over ws"}
{"level":"info","time":"2022-05-13T13:20:53.562+0530","caller":"custom/setup.go:740","msg":"Tunnel binary started on port :57529"}
{"level":"debug","time":"2022-05-13T13:20:53.870+0530","caller":"runtime/asm_amd64.s:1371","msg":"WSS connection was successful"}
{"level":"debug","time":"2022-05-13T13:20:54.282+0530","caller":"runtime/asm_amd64.s:1371","msg":"SSH connection over port 443 successful"}
{"level":"debug","time":"2022-05-13T13:20:54.439+0530","caller":"runtime/asm_amd64.s:1371","msg":"SSH connection over port 22 successful"}
{"level":"debug","time":"2022-05-13T13:20:54.439+0530","caller":"runtime/asm_amd64.s:1371","msg":"SSH connection over ws successful"}
{"level":"info","time":"2022-05-13T13:20:54.439+0530","caller":"core/lifecycle.go:115","msg":"Using ssh(over_22) :: connection mode"}
{"level":"info","time":"2022-05-13T13:20:54.439+0530","caller":"cmd/lt.go:205","msg":"Launching tunnel"}
{"level":"debug","time":"2022-05-13T13:20:54.439+0530","caller":"core/lifecycle.go:233","msg":"Starting control ws connection at wss://ts.lambdatest.com/monitor"}
{"level":"debug","time":"2022-05-13T13:20:55.366+0530","caller":"core/lifecycle.go:233","msg":"Control ws channel opened"}
{"level":"debug","time":"2022-05-13T13:20:55.366+0530","caller":"runtime/asm_amd64.s:1371","msg":"Starting message listener on control connection"}
{"level":"debug","time":"2022-05-13T13:20:56.905+0530","caller":"runtime/asm_amd64.s:1371","msg":"Tunnel registered message received on control channel"}
{"level":"debug","time":"2022-05-13T13:20:56.905+0530","caller":"core/lifecycle.go:283","msg":"Using 5 ssh connection"}
{"level":"debug","time":"2022-05-13T13:20:56.905+0530","caller":"runtime/asm_amd64.s:1371","msg":"Sending tunnel registered message to channels"}
{"level":"debug","time":"2022-05-13T13:20:56.905+0530","caller":"runtime/asm_amd64.s:1371","msg":"controller bus registered"}
{"level":"debug","time":"2022-05-13T13:20:57.984+0530","caller":"runtime/asm_amd64.s:1371","msg":"Successfully started sshd listener on port: 21357"}
{"level":"debug","time":"2022-05-13T13:20:57.984+0530","caller":"runtime/asm_amd64.s:1371","msg":"Successfully started sshd listener on port: 27054"}
{"level":"info","time":"2022-05-13T13:20:57.984+0530","caller":"runtime/asm_amd64.s:1371","msg":"You can start testing now"}
{"level":"info","time":"2022-05-13T13:20:57.984+0530","caller":"runtime/asm_amd64.s:1371","msg":"Tunnel ID: 1355484"}
{"level":"debug","time":"2022-05-13T13:20:57.984+0530","caller":"runtime/asm_amd64.s:1371","msg":"Remote Listener Started on Port 10994"}
{"level":"debug","time":"2022-05-13T13:20:57.984+0530","caller":"runtime/asm_amd64.s:1371","msg":"Successfully started sshd listener on port: 31131"}
{"level":"debug","time":"2022-05-13T13:20:57.984+0530","caller":"runtime/asm_amd64.s:1371","msg":"Successfully started sshd listener on port: 30638"}
{"level":"debug","time":"2022-05-13T13:20:57.984+0530","caller":"runtime/asm_amd64.s:1371","msg":"Successfully started sshd listener on port: 18972"}
{"level":"debug","time":"2022-05-13T13:23:09.432+0530","caller":"runtime/asm_amd64.s:1371","msg":"handling connect request for URL https://accounts.google.com:443"}
{"level":"debug","time":"2022-05-13T13:23:09.432+0530","caller":"runtime/asm_amd64.s:1371","msg":"handling connect request for URL https://clientservices.googleapis.com:443"}
{"level":"debug","time":"2022-05-13T13:23:11.579+0530","caller":"runtime/asm_amd64.s:1371","msg":"handling connect request for URL https://content-autofill.googleapis.com:443"}
{"level":"debug","time":"2022-05-13T13:23:13.124+0530","caller":"runtime/asm_amd64.s:1371","msg":"handling connect request for URL https://opensource-demo.orangehrmlive.com:443"}
{"level":"debug","time":"2022-05-13T13:23:19.048+0530","caller":"runtime/asm_amd64.s:1371","msg":"handling connect request for URL https://opensource-demo.orangehrmlive.com:443"}
{"level":"debug","time":"2022-05-13T13:23:19.056+0530","caller":"runtime/asm_amd64.s:1371","msg":"handling connect request for URL https://opensource-demo.orangehrmlive.com:443"}
{"level":"debug","time":"2022-05-13T13:23:19.056+0530","caller":"runtime/asm_amd64.s:1371","msg":"handling connect request for URL https://opensource-demo.orangehrmlive.com:443"}
{"level":"debug","time":"2022-05-13T13:23:19.174+0530","caller":"runtime/asm_amd64.s:1371","msg":"handling connect request for URL https://opensource-demo.orangehrmlive.com:443"}
{"level":"debug","time":"2022-05-13T13:23:19.175+0530","caller":"runtime/asm_amd64.s:1371","msg":"handling connect request for URL https://opensource-demo.orangehrmlive.com:443"}
{"level":"debug","time":"2022-05-13T13:23:36.391+0530","caller":"runtime/asm_amd64.s:1371","msg":"Shutting down the server"}
{"level":"debug","time":"2022-05-13T13:23:36.391+0530","caller":"cmd/lt.go:205","msg":"Context cancelled"}
{"level":"info","time":"2022-05-13T13:23:36.391+0530","caller":"cmd/lt.go:205","msg":"Stopping tunnel"}
{"level":"debug","time":"2022-05-13T13:23:36.391+0530","caller":"custom/setup.go:740","msg":"Exiting the sink proxy"}
{"level":"debug","time":"2022-05-13T13:23:36.401+0530","caller":"runtime/asm_amd64.s:1371","msg":"Unusual close error on control channel..."}
{"level":"debug","time":"2022-05-13T13:23:36.401+0530","caller":"runtime/asm_amd64.s:1371","msg":"Write loop ended for control channel"}
{"level":"debug","time":"2022-05-13T13:23:37.358+0530","caller":"runtime/asm_amd64.s:1371","msg":"Remote connection on remote port: 21357 closed, reason: EOF"}
{"level":"debug","time":"2022-05-13T13:23:37.358+0530","caller":"runtime/asm_amd64.s:1371","msg":"closed ssh connection with port 21357"}
{"level":"debug","time":"2022-05-13T13:23:37.358+0530","caller":"runtime/asm_amd64.s:1371","msg":"Remote connection on remote port: 18972 closed, reason: EOF"}
{"level":"debug","time":"2022-05-13T13:23:37.358+0530","caller":"runtime/asm_amd64.s:1371","msg":"Remote connection on remote port: 31131 closed, reason: EOF"}
{"level":"debug","time":"2022-05-13T13:23:37.358+0530","caller":"runtime/asm_amd64.s:1371","msg":"Remote connection on remote port: 30638 closed, reason: EOF"}
{"level":"debug","time":"2022-05-13T13:23:37.358+0530","caller":"runtime/asm_amd64.s:1371","msg":"closed ssh connection with port 31131"}
{"level":"info","time":"2022-05-13T13:23:37.358+0530","caller":"cmd/lt.go:205","msg":"Tunnel stopped successfully"}
{"level":"debug","time":"2022-05-13T13:23:37.358+0530","caller":"runtime/asm_amd64.s:1371","msg":"closed ssh connection with port 30638"}
{"level":"debug","time":"2022-05-13T13:23:37.358+0530","caller":"cmd/lt.go:205","msg":"Quit requested from main goroutine...."}
{"level":"debug","time":"2022-05-13T13:23:37.358+0530","caller":"runtime/asm_amd64.s:1371","msg":"closed ssh connection with port 18972"}
{"level":"debug","time":"2022-05-13T13:23:37.363+0530","caller":"runtime/asm_amd64.s:1371","msg":"Remote connection on remote port: 27054 closed, reason: EOF"}
{"level":"debug","time":"2022-05-13T13:23:37.363+0530","caller":"cmd/lt.go:205","msg":"Waiting for the goroutines to exit"}
{"level":"debug","time":"2022-05-13T13:23:37.363+0530","caller":"runtime/asm_amd64.s:1371","msg":"closed ssh connection with port 27054"}
{"level":"debug","time":"2022-05-13T13:23:37.363+0530","caller":"cmd/lt.go:205","msg":"All goroutines exited"}
{"level":"debug","time":"2022-05-13T13:23:37.364+0530","caller":"runtime/asm_amd64.s:1371","msg":"main: all goroutines have finished."}
